Flow report for lab62
Wed May  4 19:13:13 2022
Quartus Prime Version 18.1.0 Build 625 09/12/2018 SJ Lite Edition


---------------------
; Table of Contents ;
---------------------
  1. Legal Notice
  2. Flow Summary
  3. Flow Settings
  4. Flow Non-Default Global Settings
  5. Flow Elapsed Time
  6. Flow OS Summary
  7. Flow Log
  8. Flow Messages
  9. Flow Suppressed Messages



----------------
; Legal Notice ;
----------------
Copyright (C) 2018  Intel Corporation. All rights reserved.
Your use of Intel Corporation's design tools, logic functions 
and other software and tools, and its AMPP partner logic 
functions, and any output files from any of the foregoing 
(including device programming or simulation files), and any 
associated documentation or information are expressly subject 
to the terms and conditions of the Intel Program License 
Subscription Agreement, the Intel Quartus Prime License Agreement,
the Intel FPGA IP License Agreement, or other applicable license
agreement, including, without limitation, that your use is for
the sole purpose of programming logic devices manufactured by
Intel and sold by Intel or its authorized distributors.  Please
refer to the applicable agreement for further details.



+----------------------------------------------------------------------------------+
; Flow Summary                                                                     ;
+------------------------------------+---------------------------------------------+
; Flow Status                        ; Successful - Wed May  4 19:13:13 2022       ;
; Quartus Prime Version              ; 18.1.0 Build 625 09/12/2018 SJ Lite Edition ;
; Revision Name                      ; lab62                                       ;
; Top-level Entity Name              ; lab62                                       ;
; Family                             ; MAX 10                                      ;
; Device                             ; 10M50DAF484C7G                              ;
; Timing Models                      ; Final                                       ;
; Total logic elements               ; 16,772 / 49,760 ( 34 % )                    ;
;     Total combinational functions  ; 16,147 / 49,760 ( 32 % )                    ;
;     Dedicated logic registers      ; 4,386 / 49,760 ( 9 % )                      ;
; Total registers                    ; 4455                                        ;
; Total pins                         ; 141 / 360 ( 39 % )                          ;
; Total virtual pins                 ; 0                                           ;
; Total memory bits                  ; 11,392 / 1,677,312 ( < 1 % )                ;
; Embedded Multiplier 9-bit elements ; 124 / 288 ( 43 % )                          ;
; Total PLLs                         ; 1 / 4 ( 25 % )                              ;
; UFM blocks                         ; 0 / 1 ( 0 % )                               ;
; ADC blocks                         ; 0 / 2 ( 0 % )                               ;
+------------------------------------+---------------------------------------------+


+-----------------------------------------+
; Flow Settings                           ;
+-------------------+---------------------+
; Option            ; Setting             ;
+-------------------+---------------------+
; Start date & time ; 05/04/2022 19:05:56 ;
; Main task         ; Compilation         ;
; Revision Name     ; lab62               ;
+-------------------+---------------------+


+-------------------------------------------------------------------------------------------------------------------------------------------------------+
; Flow Non-Default Global Settings                                                                                                                      ;
+-------------------------------------+------------------------------------------------------------+---------------+-------------------+----------------+
; Assignment Name                     ; Value                                                      ; Default Value ; Entity Name       ; Section Id     ;
+-------------------------------------+------------------------------------------------------------+---------------+-------------------+----------------+
; COMPILER_SIGNATURE_ID               ; 8796757893088.165170915503648                              ; --            ; --                ; --             ;
; EDA_OUTPUT_DATA_FORMAT              ; Systemverilog Hdl                                          ; --            ; --                ; eda_simulation ;
; EDA_SIMULATION_TOOL                 ; ModelSim-Altera (SystemVerilog)                            ; <None>        ; --                ; --             ;
; EDA_TIME_SCALE                      ; 1 ps                                                       ; --            ; --                ; eda_simulation ;
; MAX_CORE_JUNCTION_TEMP              ; 85                                                         ; --            ; --                ; --             ;
; MIN_CORE_JUNCTION_TEMP              ; 0                                                          ; --            ; --                ; --             ;
; MISC_FILE                           ; lab62soc/synthesis/../lab62soc.cmp                         ; --            ; --                ; --             ;
; MISC_FILE                           ; lab62soc/synthesis/../../lab62soc.qsys                     ; --            ; --                ; --             ;
; OUTPUT_IO_TIMING_FAR_END_VMEAS      ; Half Signal Swing                                          ; --            ; --                ; --             ;
; OUTPUT_IO_TIMING_FAR_END_VMEAS      ; Half Signal Swing                                          ; --            ; --                ; --             ;
; OUTPUT_IO_TIMING_NEAR_END_VMEAS     ; Half Vccio                                                 ; --            ; --                ; --             ;
; OUTPUT_IO_TIMING_NEAR_END_VMEAS     ; Half Vccio                                                 ; --            ; --                ; --             ;
; PARTITION_COLOR                     ; -- (Not supported for targeted family)                     ; --            ; DE10_LITE_Default ; Top            ;
; PARTITION_COLOR                     ; -- (Not supported for targeted family)                     ; --            ; --                ; Top            ;
; PARTITION_FITTER_PRESERVATION_LEVEL ; -- (Not supported for targeted family)                     ; --            ; DE10_LITE_Default ; Top            ;
; PARTITION_FITTER_PRESERVATION_LEVEL ; -- (Not supported for targeted family)                     ; --            ; --                ; Top            ;
; PARTITION_NETLIST_TYPE              ; -- (Not supported for targeted family)                     ; --            ; DE10_LITE_Default ; Top            ;
; PARTITION_NETLIST_TYPE              ; -- (Not supported for targeted family)                     ; --            ; --                ; Top            ;
; POWER_BOARD_THERMAL_MODEL           ; None (CONSERVATIVE)                                        ; --            ; --                ; --             ;
; POWER_PRESET_COOLING_SOLUTION       ; 23 MM HEAT SINK WITH 200 LFPM AIRFLOW                      ; --            ; --                ; --             ;
; PROJECT_OUTPUT_DIRECTORY            ; output_files                                               ; --            ; --                ; --             ;
; SLD_FILE                            ; lab62soc/synthesis/lab62soc.regmap                         ; --            ; --                ; --             ;
; SLD_FILE                            ; lab62soc/synthesis/lab62soc.debuginfo                      ; --            ; --                ; --             ;
; SLD_INFO                            ; QSYS_NAME lab62soc HAS_SOPCINFO 1 GENERATION_ID 1647995859 ; --            ; lab62soc          ; --             ;
; SOPCINFO_FILE                       ; lab62soc/synthesis/../../lab62soc.sopcinfo                 ; --            ; --                ; --             ;
; SYNTHESIS_ONLY_QIP                  ; On                                                         ; --            ; --                ; --             ;
+-------------------------------------+------------------------------------------------------------+---------------+-------------------+----------------+


+--------------------------------------------------------------------------------------------------------------------------+
; Flow Elapsed Time                                                                                                        ;
+----------------------+--------------+-------------------------+---------------------+------------------------------------+
; Module Name          ; Elapsed Time ; Average Processors Used ; Peak Virtual Memory ; Total CPU Time (on all processors) ;
+----------------------+--------------+-------------------------+---------------------+------------------------------------+
; Analysis & Synthesis ; 00:04:03     ; 1.0                     ; 1278 MB             ; 00:04:10                           ;
; Fitter               ; 00:02:11     ; 1.2                     ; 1613 MB             ; 00:02:50                           ;
; Assembler            ; 00:00:06     ; 1.0                     ; 882 MB              ; 00:00:05                           ;
; Timing Analyzer      ; 00:00:23     ; 1.5                     ; 1052 MB             ; 00:00:30                           ;
; EDA Netlist Writer   ; 00:00:05     ; 1.0                     ; 1284 MB             ; 00:00:05                           ;
; Total                ; 00:06:48     ; --                      ; --                  ; 00:07:40                           ;
+----------------------+--------------+-------------------------+---------------------+------------------------------------+


+-------------------------------------------------------------------------------------------+
; Flow OS Summary                                                                           ;
+----------------------+-----------------------+--------------+------------+----------------+
; Module Name          ; Machine Hostname      ; OS Name      ; OS Version ; Processor type ;
+----------------------+-----------------------+--------------+------------+----------------+
; Analysis & Synthesis ; ece385user-VirtualBox ; Ubuntu 19.04 ; 19         ; x86_64         ;
; Fitter               ; ece385user-VirtualBox ; Ubuntu 19.04 ; 19         ; x86_64         ;
; Assembler            ; ece385user-VirtualBox ; Ubuntu 19.04 ; 19         ; x86_64         ;
; Timing Analyzer      ; ece385user-VirtualBox ; Ubuntu 19.04 ; 19         ; x86_64         ;
; EDA Netlist Writer   ; ece385user-VirtualBox ; Ubuntu 19.04 ; 19         ; x86_64         ;
+----------------------+-----------------------+--------------+------------+----------------+


------------
; Flow Log ;
------------
quartus_map --read_settings_files=on --write_settings_files=off lab62 -c lab62
quartus_fit --read_settings_files=off --write_settings_files=off lab62 -c lab62
quartus_asm --read_settings_files=off --write_settings_files=off lab62 -c lab62
quartus_sta lab62 -c lab62
quartus_eda --read_settings_files=off --write_settings_files=off lab62 -c lab62



